<?xml version="1.0" encoding="UTF-8"?>
<testsuite xmlns:xsi="http://www.w3.org/2001/XMLSchema-instance" xsi:noNamespaceSchemaLocation="https://maven.apache.org/surefire/maven-surefire-plugin/xsd/surefire-test-report.xsd" name="com.gmu.VesselTracking.VesselTrackingApplicationTests" time="5.147" tests="1" errors="0" skipped="0" failures="0">
  <properties>
    <property name="awt.toolkit" value="sun.lwawt.macosx.LWCToolkit"/>
    <property name="java.specification.version" value="12"/>
    <property name="sun.jnu.encoding" value="UTF-8"/>
    <property name="java.class.path" value="/Users/sabihmalik/Documents/Fall 2019/SWE443/VesselTracking-Zaid/VesselTracking/target/test-classes:/Users/sabihmalik/Documents/Fall 2019/SWE443/VesselTracking-Zaid/VesselTracking/target/classes:/Users/sabihmalik/.m2/repository/org/springframework/boot/spring-boot-starter-amqp/2.2.0.RELEASE/spring-boot-starter-amqp-2.2.0.RELEASE.jar:/Users/sabihmalik/.m2/repository/org/springframework/boot/spring-boot-starter/2.2.0.RELEASE/spring-boot-starter-2.2.0.RELEASE.jar:/Users/sabihmalik/.m2/repository/org/springframework/boot/spring-boot/2.2.0.RELEASE/spring-boot-2.2.0.RELEASE.jar:/Users/sabihmalik/.m2/repository/org/springframework/boot/spring-boot-autoconfigure/2.2.0.RELEASE/spring-boot-autoconfigure-2.2.0.RELEASE.jar:/Users/sabihmalik/.m2/repository/org/springframework/boot/spring-boot-starter-logging/2.2.0.RELEASE/spring-boot-starter-logging-2.2.0.RELEASE.jar:/Users/sabihmalik/.m2/repository/ch/qos/logback/logback-classic/1.2.3/logback-classic-1.2.3.jar:/Users/sabihmalik/.m2/repository/ch/qos/logback/logback-core/1.2.3/logback-core-1.2.3.jar:/Users/sabihmalik/.m2/repository/org/apache/logging/log4j/log4j-to-slf4j/2.12.1/log4j-to-slf4j-2.12.1.jar:/Users/sabihmalik/.m2/repository/org/apache/logging/log4j/log4j-api/2.12.1/log4j-api-2.12.1.jar:/Users/sabihmalik/.m2/repository/org/slf4j/jul-to-slf4j/1.7.28/jul-to-slf4j-1.7.28.jar:/Users/sabihmalik/.m2/repository/jakarta/annotation/jakarta.annotation-api/1.3.5/jakarta.annotation-api-1.3.5.jar:/Users/sabihmalik/.m2/repository/org/yaml/snakeyaml/1.25/snakeyaml-1.25.jar:/Users/sabihmalik/.m2/repository/org/springframework/spring-messaging/5.2.0.RELEASE/spring-messaging-5.2.0.RELEASE.jar:/Users/sabihmalik/.m2/repository/org/springframework/spring-beans/5.2.0.RELEASE/spring-beans-5.2.0.RELEASE.jar:/Users/sabihmalik/.m2/repository/org/springframework/amqp/spring-rabbit/2.2.0.RELEASE/spring-rabbit-2.2.0.RELEASE.jar:/Users/sabihmalik/.m2/repository/com/rabbitmq/amqp-client/5.7.3/amqp-client-5.7.3.jar:/Users/sabihmalik/.m2/repository/org/springframework/amqp/spring-amqp/2.2.0.RELEASE/spring-amqp-2.2.0.RELEASE.jar:/Users/sabihmalik/.m2/repository/org/springframework/retry/spring-retry/1.2.4.RELEASE/spring-retry-1.2.4.RELEASE.jar:/Users/sabihmalik/.m2/repository/org/springframework/spring-context/5.2.0.RELEASE/spring-context-5.2.0.RELEASE.jar:/Users/sabihmalik/.m2/repository/org/springframework/spring-tx/5.2.0.RELEASE/spring-tx-5.2.0.RELEASE.jar:/Users/sabihmalik/.m2/repository/org/springframework/boot/spring-boot-starter-data-jpa/2.2.0.RELEASE/spring-boot-starter-data-jpa-2.2.0.RELEASE.jar:/Users/sabihmalik/.m2/repository/org/springframework/boot/spring-boot-starter-aop/2.2.0.RELEASE/spring-boot-starter-aop-2.2.0.RELEASE.jar:/Users/sabihmalik/.m2/repository/org/springframework/spring-aop/5.2.0.RELEASE/spring-aop-5.2.0.RELEASE.jar:/Users/sabihmalik/.m2/repository/org/aspectj/aspectjweaver/1.9.4/aspectjweaver-1.9.4.jar:/Users/sabihmalik/.m2/repository/org/springframework/boot/spring-boot-starter-jdbc/2.2.0.RELEASE/spring-boot-starter-jdbc-2.2.0.RELEASE.jar:/Users/sabihmalik/.m2/repository/com/zaxxer/HikariCP/3.4.1/HikariCP-3.4.1.jar:/Users/sabihmalik/.m2/repository/org/springframework/spring-jdbc/5.2.0.RELEASE/spring-jdbc-5.2.0.RELEASE.jar:/Users/sabihmalik/.m2/repository/jakarta/activation/jakarta.activation-api/1.2.1/jakarta.activation-api-1.2.1.jar:/Users/sabihmalik/.m2/repository/jakarta/persistence/jakarta.persistence-api/2.2.3/jakarta.persistence-api-2.2.3.jar:/Users/sabihmalik/.m2/repository/jakarta/transaction/jakarta.transaction-api/1.3.3/jakarta.transaction-api-1.3.3.jar:/Users/sabihmalik/.m2/repository/org/hibernate/hibernate-core/5.4.6.Final/hibernate-core-5.4.6.Final.jar:/Users/sabihmalik/.m2/repository/org/jboss/logging/jboss-logging/3.4.1.Final/jboss-logging-3.4.1.Final.jar:/Users/sabihmalik/.m2/repository/org/javassist/javassist/3.24.0-GA/javassist-3.24.0-GA.jar:/Users/sabihmalik/.m2/repository/net/bytebuddy/byte-buddy/1.10.1/byte-buddy-1.10.1.jar:/Users/sabihmalik/.m2/repository/antlr/antlr/2.7.7/antlr-2.7.7.jar:/Users/sabihmalik/.m2/repository/org/jboss/jandex/2.0.5.Final/jandex-2.0.5.Final.jar:/Users/sabihmalik/.m2/repository/com/fasterxml/classmate/1.5.0/classmate-1.5.0.jar:/Users/sabihmalik/.m2/repository/org/dom4j/dom4j/2.1.1/dom4j-2.1.1.jar:/Users/sabihmalik/.m2/repository/org/hibernate/common/hibernate-commons-annotations/5.1.0.Final/hibernate-commons-annotations-5.1.0.Final.jar:/Users/sabihmalik/.m2/repository/org/glassfish/jaxb/jaxb-runtime/2.3.2/jaxb-runtime-2.3.2.jar:/Users/sabihmalik/.m2/repository/org/glassfish/jaxb/txw2/2.3.2/txw2-2.3.2.jar:/Users/sabihmalik/.m2/repository/com/sun/istack/istack-commons-runtime/3.0.8/istack-commons-runtime-3.0.8.jar:/Users/sabihmalik/.m2/repository/org/jvnet/staxex/stax-ex/1.8.1/stax-ex-1.8.1.jar:/Users/sabihmalik/.m2/repository/com/sun/xml/fastinfoset/FastInfoset/1.2.16/FastInfoset-1.2.16.jar:/Users/sabihmalik/.m2/repository/org/springframework/data/spring-data-jpa/2.2.0.RELEASE/spring-data-jpa-2.2.0.RELEASE.jar:/Users/sabihmalik/.m2/repository/org/springframework/data/spring-data-commons/2.2.0.RELEASE/spring-data-commons-2.2.0.RELEASE.jar:/Users/sabihmalik/.m2/repository/org/springframework/spring-orm/5.2.0.RELEASE/spring-orm-5.2.0.RELEASE.jar:/Users/sabihmalik/.m2/repository/org/slf4j/slf4j-api/1.7.28/slf4j-api-1.7.28.jar:/Users/sabihmalik/.m2/repository/org/springframework/spring-aspects/5.2.0.RELEASE/spring-aspects-5.2.0.RELEASE.jar:/Users/sabihmalik/.m2/repository/org/springframework/boot/spring-boot-starter-hateoas/2.2.0.RELEASE/spring-boot-starter-hateoas-2.2.0.RELEASE.jar:/Users/sabihmalik/.m2/repository/org/springframework/hateoas/spring-hateoas/1.0.0.RELEASE/spring-hateoas-1.0.0.RELEASE.jar:/Users/sabihmalik/.m2/repository/org/springframework/plugin/spring-plugin-core/2.0.0.RELEASE/spring-plugin-core-2.0.0.RELEASE.jar:/Users/sabihmalik/.m2/repository/org/springframework/boot/spring-boot-starter-web/2.2.0.RELEASE/spring-boot-starter-web-2.2.0.RELEASE.jar:/Users/sabihmalik/.m2/repository/org/springframework/boot/spring-boot-starter-json/2.2.0.RELEASE/spring-boot-starter-json-2.2.0.RELEASE.jar:/Users/sabihmalik/.m2/repository/com/fasterxml/jackson/core/jackson-databind/2.10.0/jackson-databind-2.10.0.jar:/Users/sabihmalik/.m2/repository/com/fasterxml/jackson/core/jackson-annotations/2.10.0/jackson-annotations-2.10.0.jar:/Users/sabihmalik/.m2/repository/com/fasterxml/jackson/core/jackson-core/2.10.0/jackson-core-2.10.0.jar:/Users/sabihmalik/.m2/repository/com/fasterxml/jackson/datatype/jackson-datatype-jdk8/2.10.0/jackson-datatype-jdk8-2.10.0.jar:/Users/sabihmalik/.m2/repository/com/fasterxml/jackson/datatype/jackson-datatype-jsr310/2.10.0/jackson-datatype-jsr310-2.10.0.jar:/Users/sabihmalik/.m2/repository/com/fasterxml/jackson/module/jackson-module-parameter-names/2.10.0/jackson-module-parameter-names-2.10.0.jar:/Users/sabihmalik/.m2/repository/org/springframework/boot/spring-boot-starter-tomcat/2.2.0.RELEASE/spring-boot-starter-tomcat-2.2.0.RELEASE.jar:/Users/sabihmalik/.m2/repository/org/apache/tomcat/embed/tomcat-embed-websocket/9.0.27/tomcat-embed-websocket-9.0.27.jar:/Users/sabihmalik/.m2/repository/org/springframework/boot/spring-boot-starter-validation/2.2.0.RELEASE/spring-boot-starter-validation-2.2.0.RELEASE.jar:/Users/sabihmalik/.m2/repository/jakarta/validation/jakarta.validation-api/2.0.1/jakarta.validation-api-2.0.1.jar:/Users/sabihmalik/.m2/repository/org/hibernate/validator/hibernate-validator/6.0.17.Final/hibernate-validator-6.0.17.Final.jar:/Users/sabihmalik/.m2/repository/org/springframework/spring-web/5.2.0.RELEASE/spring-web-5.2.0.RELEASE.jar:/Users/sabihmalik/.m2/repository/org/springframework/spring-webmvc/5.2.0.RELEASE/spring-webmvc-5.2.0.RELEASE.jar:/Users/sabihmalik/.m2/repository/org/springframework/spring-expression/5.2.0.RELEASE/spring-expression-5.2.0.RELEASE.jar:/Users/sabihmalik/.m2/repository/org/springframework/boot/spring-boot-starter-webflux/2.2.0.RELEASE/spring-boot-starter-webflux-2.2.0.RELEASE.jar:/Users/sabihmalik/.m2/repository/org/springframework/boot/spring-boot-starter-reactor-netty/2.2.0.RELEASE/spring-boot-starter-reactor-netty-2.2.0.RELEASE.jar:/Users/sabihmalik/.m2/repository/io/projectreactor/netty/reactor-netty/0.9.0.RELEASE/reactor-netty-0.9.0.RELEASE.jar:/Users/sabihmalik/.m2/repository/io/netty/netty-codec-http/4.1.42.Final/netty-codec-http-4.1.42.Final.jar:/Users/sabihmalik/.m2/repository/io/netty/netty-common/4.1.42.Final/netty-common-4.1.42.Final.jar:/Users/sabihmalik/.m2/repository/io/netty/netty-buffer/4.1.42.Final/netty-buffer-4.1.42.Final.jar:/Users/sabihmalik/.m2/repository/io/netty/netty-transport/4.1.42.Final/netty-transport-4.1.42.Final.jar:/Users/sabihmalik/.m2/repository/io/netty/netty-resolver/4.1.42.Final/netty-resolver-4.1.42.Final.jar:/Users/sabihmalik/.m2/repository/io/netty/netty-codec/4.1.42.Final/netty-codec-4.1.42.Final.jar:/Users/sabihmalik/.m2/repository/io/netty/netty-codec-http2/4.1.42.Final/netty-codec-http2-4.1.42.Final.jar:/Users/sabihmalik/.m2/repository/io/netty/netty-handler/4.1.42.Final/netty-handler-4.1.42.Final.jar:/Users/sabihmalik/.m2/repository/io/netty/netty-handler-proxy/4.1.42.Final/netty-handler-proxy-4.1.42.Final.jar:/Users/sabihmalik/.m2/repository/io/netty/netty-codec-socks/4.1.42.Final/netty-codec-socks-4.1.42.Final.jar:/Users/sabihmalik/.m2/repository/io/netty/netty-transport-native-epoll/4.1.42.Final/netty-transport-native-epoll-4.1.42.Final-linux-x86_64.jar:/Users/sabihmalik/.m2/repository/io/netty/netty-transport-native-unix-common/4.1.42.Final/netty-transport-native-unix-common-4.1.42.Final.jar:/Users/sabihmalik/.m2/repository/io/projectreactor/addons/reactor-pool/0.1.0.RELEASE/reactor-pool-0.1.0.RELEASE.jar:/Users/sabihmalik/.m2/repository/org/glassfish/jakarta.el/3.0.3/jakarta.el-3.0.3.jar:/Users/sabihmalik/.m2/repository/org/springframework/spring-webflux/5.2.0.RELEASE/spring-webflux-5.2.0.RELEASE.jar:/Users/sabihmalik/.m2/repository/org/synchronoss/cloud/nio-multipart-parser/1.1.0/nio-multipart-parser-1.1.0.jar:/Users/sabihmalik/.m2/repository/org/synchronoss/cloud/nio-stream-storage/1.1.3/nio-stream-storage-1.1.3.jar:/Users/sabihmalik/.m2/repository/com/h2database/h2/1.4.199/h2-1.4.199.jar:/Users/sabihmalik/.m2/repository/org/springframework/boot/spring-boot-starter-test/2.2.0.RELEASE/spring-boot-starter-test-2.2.0.RELEASE.jar:/Users/sabihmalik/.m2/repository/org/springframework/boot/spring-boot-test/2.2.0.RELEASE/spring-boot-test-2.2.0.RELEASE.jar:/Users/sabihmalik/.m2/repository/org/springframework/boot/spring-boot-test-autoconfigure/2.2.0.RELEASE/spring-boot-test-autoconfigure-2.2.0.RELEASE.jar:/Users/sabihmalik/.m2/repository/com/jayway/jsonpath/json-path/2.4.0/json-path-2.4.0.jar:/Users/sabihmalik/.m2/repository/net/minidev/json-smart/2.3/json-smart-2.3.jar:/Users/sabihmalik/.m2/repository/net/minidev/accessors-smart/1.2/accessors-smart-1.2.jar:/Users/sabihmalik/.m2/repository/org/ow2/asm/asm/5.0.4/asm-5.0.4.jar:/Users/sabihmalik/.m2/repository/jakarta/xml/bind/jakarta.xml.bind-api/2.3.2/jakarta.xml.bind-api-2.3.2.jar:/Users/sabihmalik/.m2/repository/org/junit/jupiter/junit-jupiter/5.5.2/junit-jupiter-5.5.2.jar:/Users/sabihmalik/.m2/repository/org/junit/jupiter/junit-jupiter-api/5.5.2/junit-jupiter-api-5.5.2.jar:/Users/sabihmalik/.m2/repository/org/apiguardian/apiguardian-api/1.1.0/apiguardian-api-1.1.0.jar:/Users/sabihmalik/.m2/repository/org/opentest4j/opentest4j/1.2.0/opentest4j-1.2.0.jar:/Users/sabihmalik/.m2/repository/org/junit/platform/junit-platform-commons/1.5.2/junit-platform-commons-1.5.2.jar:/Users/sabihmalik/.m2/repository/org/junit/jupiter/junit-jupiter-params/5.5.2/junit-jupiter-params-5.5.2.jar:/Users/sabihmalik/.m2/repository/org/junit/jupiter/junit-jupiter-engine/5.5.2/junit-jupiter-engine-5.5.2.jar:/Users/sabihmalik/.m2/repository/org/junit/platform/junit-platform-engine/1.5.2/junit-platform-engine-1.5.2.jar:/Users/sabihmalik/.m2/repository/org/mockito/mockito-junit-jupiter/3.1.0/mockito-junit-jupiter-3.1.0.jar:/Users/sabihmalik/.m2/repository/org/assertj/assertj-core/3.13.2/assertj-core-3.13.2.jar:/Users/sabihmalik/.m2/repository/org/hamcrest/hamcrest/2.1/hamcrest-2.1.jar:/Users/sabihmalik/.m2/repository/org/mockito/mockito-core/3.1.0/mockito-core-3.1.0.jar:/Users/sabihmalik/.m2/repository/net/bytebuddy/byte-buddy-agent/1.10.1/byte-buddy-agent-1.10.1.jar:/Users/sabihmalik/.m2/repository/org/objenesis/objenesis/2.6/objenesis-2.6.jar:/Users/sabihmalik/.m2/repository/org/skyscreamer/jsonassert/1.5.0/jsonassert-1.5.0.jar:/Users/sabihmalik/.m2/repository/com/vaadin/external/google/android-json/0.0.20131108.vaadin1/android-json-0.0.20131108.vaadin1.jar:/Users/sabihmalik/.m2/repository/org/springframework/spring-core/5.2.0.RELEASE/spring-core-5.2.0.RELEASE.jar:/Users/sabihmalik/.m2/repository/org/springframework/spring-jcl/5.2.0.RELEASE/spring-jcl-5.2.0.RELEASE.jar:/Users/sabihmalik/.m2/repository/org/springframework/spring-test/5.2.0.RELEASE/spring-test-5.2.0.RELEASE.jar:/Users/sabihmalik/.m2/repository/org/xmlunit/xmlunit-core/2.6.3/xmlunit-core-2.6.3.jar:/Users/sabihmalik/.m2/repository/io/projectreactor/reactor-test/3.3.0.RELEASE/reactor-test-3.3.0.RELEASE.jar:/Users/sabihmalik/.m2/repository/io/projectreactor/reactor-core/3.3.0.RELEASE/reactor-core-3.3.0.RELEASE.jar:/Users/sabihmalik/.m2/repository/org/reactivestreams/reactive-streams/1.0.3/reactive-streams-1.0.3.jar:/Users/sabihmalik/.m2/repository/org/springframework/amqp/spring-rabbit-test/2.2.0.RELEASE/spring-rabbit-test-2.2.0.RELEASE.jar:/Users/sabihmalik/.m2/repository/org/hamcrest/hamcrest-core/2.1/hamcrest-core-2.1.jar:/Users/sabihmalik/.m2/repository/org/hamcrest/hamcrest-library/2.1/hamcrest-library-2.1.jar:/Users/sabihmalik/.m2/repository/org/springframework/amqp/spring-rabbit-junit/2.2.0.RELEASE/spring-rabbit-junit-2.2.0.RELEASE.jar:/Users/sabihmalik/.m2/repository/com/rabbitmq/http-client/3.2.0.RELEASE/http-client-3.2.0.RELEASE.jar:/Users/sabihmalik/.m2/repository/org/apache/tomcat/embed/tomcat-embed-jasper/9.0.27/tomcat-embed-jasper-9.0.27.jar:/Users/sabihmalik/.m2/repository/org/apache/tomcat/embed/tomcat-embed-core/9.0.27/tomcat-embed-core-9.0.27.jar:/Users/sabihmalik/.m2/repository/org/apache/tomcat/tomcat-annotations-api/9.0.27/tomcat-annotations-api-9.0.27.jar:/Users/sabihmalik/.m2/repository/org/apache/tomcat/embed/tomcat-embed-el/9.0.27/tomcat-embed-el-9.0.27.jar:/Users/sabihmalik/.m2/repository/org/eclipse/jdt/ecj/3.18.0/ecj-3.18.0.jar:/Users/sabihmalik/.m2/repository/javax/servlet/jstl/1.2/jstl-1.2.jar:/Users/sabihmalik/.m2/repository/mysql/mysql-connector-java/8.0.18/mysql-connector-java-8.0.18.jar:/Users/sabihmalik/.m2/repository/com/vaadin/vaadin-spring-boot-starter/14.0.0/vaadin-spring-boot-starter-14.0.0.jar:/Users/sabihmalik/.m2/repository/com/vaadin/vaadin-spring/12.0.3/vaadin-spring-12.0.3.jar:/Users/sabihmalik/.m2/repository/com/vaadin/flow-push/2.0.7/flow-push-2.0.7.jar:/Users/sabihmalik/.m2/repository/com/vaadin/external/atmosphere/atmosphere-runtime/2.4.30.slf4jvaadin1/atmosphere-runtime-2.4.30.slf4jvaadin1.jar:/Users/sabihmalik/.m2/repository/org/springframework/spring-websocket/5.2.0.RELEASE/spring-websocket-5.2.0.RELEASE.jar:/Users/sabihmalik/.m2/repository/com/vaadin/vaadin-core/14.0.0/vaadin-core-14.0.0.jar:/Users/sabihmalik/.m2/repository/com/vaadin/flow-html-components/2.0.7/flow-html-components-2.0.7.jar:/Users/sabihmalik/.m2/repository/com/vaadin/flow-data/2.0.7/flow-data-2.0.7.jar:/Users/sabihmalik/.m2/repository/javax/validation/validation-api/2.0.1.Final/validation-api-2.0.1.Final.jar:/Users/sabihmalik/.m2/repository/com/vaadin/vaadin-lumo-theme/2.0.7/vaadin-lumo-theme-2.0.7.jar:/Users/sabihmalik/.m2/repository/org/webjars/bowergithub/vaadin/vaadin-lumo-styles/1.5.0/vaadin-lumo-styles-1.5.0.jar:/Users/sabihmalik/.m2/repository/org/webjars/bowergithub/polymerelements/iron-icon/2.1.0/iron-icon-2.1.0.jar:/Users/sabihmalik/.m2/repository/org/webjars/bowergithub/polymerelements/iron-meta/2.1.1/iron-meta-2.1.1.jar:/Users/sabihmalik/.m2/repository/org/webjars/bowergithub/polymerelements/iron-iconset-svg/2.2.1/iron-iconset-svg-2.2.1.jar:/Users/sabihmalik/.m2/repository/org/webjars/bowergithub/polymerelements/iron-flex-layout/2.0.3/iron-flex-layout-2.0.3.jar:/Users/sabihmalik/.m2/repository/com/vaadin/vaadin-material-theme/2.0.7/vaadin-material-theme-2.0.7.jar:/Users/sabihmalik/.m2/repository/org/webjars/bowergithub/vaadin/vaadin-material-styles/1.2.3/vaadin-material-styles-1.2.3.jar:/Users/sabihmalik/.m2/repository/com/vaadin/vaadin-accordion-flow/2.0.0/vaadin-accordion-flow-2.0.0.jar:/Users/sabihmalik/.m2/repository/org/webjars/bowergithub/vaadin/vaadin-accordion/1.0.1/vaadin-accordion-1.0.1.jar:/Users/sabihmalik/.m2/repository/org/webjars/bowergithub/vaadin/vaadin-details/1.0.1/vaadin-details-1.0.1.jar:/Users/sabihmalik/.m2/repository/org/webjars/bowergithub/vaadin/vaadin-themable-mixin/1.4.4/vaadin-themable-mixin-1.4.4.jar:/Users/sabihmalik/.m2/repository/com/vaadin/vaadin-button-flow/2.0.1/vaadin-button-flow-2.0.1.jar:/Users/sabihmalik/.m2/repository/org/webjars/bowergithub/vaadin/vaadin-button/2.2.1/vaadin-button-2.2.1.jar:/Users/sabihmalik/.m2/repository/org/webjars/bowergithub/vaadin/vaadin-control-state-mixin/2.1.3/vaadin-control-state-mixin-2.1.3.jar:/Users/sabihmalik/.m2/repository/com/vaadin/vaadin-checkbox-flow/2.0.0/vaadin-checkbox-flow-2.0.0.jar:/Users/sabihmalik/.m2/repository/org/webjars/bowergithub/vaadin/vaadin-checkbox/2.2.10/vaadin-checkbox-2.2.10.jar:/Users/sabihmalik/.m2/repository/com/vaadin/vaadin-combo-box-flow/3.0.2/vaadin-combo-box-flow-3.0.2.jar:/Users/sabihmalik/.m2/repository/org/webjars/bowergithub/vaadin/vaadin-combo-box/5.0.6/vaadin-combo-box-5.0.6.jar:/Users/sabihmalik/.m2/repository/org/webjars/bowergithub/vaadin/vaadin-text-field/2.4.8/vaadin-text-field-2.4.8.jar:/Users/sabihmalik/.m2/repository/org/webjars/bowergithub/polymerelements/iron-a11y-announcer/2.1.0/iron-a11y-announcer-2.1.0.jar:/Users/sabihmalik/.m2/repository/org/webjars/bowergithub/polymerelements/iron-list/2.0.19/iron-list-2.0.19.jar:/Users/sabihmalik/.m2/repository/org/webjars/bowergithub/polymerelements/iron-scroll-target-behavior/2.1.1/iron-scroll-target-behavior-2.1.1.jar:/Users/sabihmalik/.m2/repository/org/webjars/bowergithub/polymerelements/iron-a11y-keys-behavior/2.1.1/iron-a11y-keys-behavior-2.1.1.jar:/Users/sabihmalik/.m2/repository/org/webjars/bowergithub/vaadin/vaadin-item/2.1.1/vaadin-item-2.1.1.jar:/Users/sabihmalik/.m2/repository/org/webjars/bowergithub/vaadin/vaadin-overlay/3.2.13/vaadin-overlay-3.2.13.jar:/Users/sabihmalik/.m2/repository/org/webjars/bowergithub/polymerelements/iron-overlay-behavior/2.3.4/iron-overlay-behavior-2.3.4.jar:/Users/sabihmalik/.m2/repository/org/webjars/bowergithub/polymerelements/iron-fit-behavior/2.2.1/iron-fit-behavior-2.2.1.jar:/Users/sabihmalik/.m2/repository/com/vaadin/vaadin-custom-field-flow/3.0.1/vaadin-custom-field-flow-3.0.1.jar:/Users/sabihmalik/.m2/repository/javax/servlet/javax.servlet-api/4.0.1/javax.servlet-api-4.0.1.jar:/Users/sabihmalik/.m2/repository/org/webjars/bowergithub/vaadin/vaadin-custom-field/1.0.6/vaadin-custom-field-1.0.6.jar:/Users/sabihmalik/.m2/repository/com/vaadin/vaadin-date-picker-flow/2.0.2/vaadin-date-picker-flow-2.0.2.jar:/Users/sabihmalik/.m2/repository/org/webjars/bowergithub/vaadin/vaadin-date-picker/4.0.3/vaadin-date-picker-4.0.3.jar:/Users/sabihmalik/.m2/repository/org/webjars/bowergithub/polymerelements/iron-media-query/2.1.0/iron-media-query-2.1.0.jar:/Users/sabihmalik/.m2/repository/com/vaadin/vaadin-details-flow/2.0.0/vaadin-details-flow-2.0.0.jar:/Users/sabihmalik/.m2/repository/com/vaadin/vaadin-time-picker-flow/2.0.1/vaadin-time-picker-flow-2.0.1.jar:/Users/sabihmalik/.m2/repository/org/webjars/bowergithub/vaadin/vaadin-time-picker/2.0.2/vaadin-time-picker-2.0.2.jar:/Users/sabihmalik/.m2/repository/com/vaadin/vaadin-select-flow/2.0.1/vaadin-select-flow-2.0.1.jar:/Users/sabihmalik/.m2/repository/org/webjars/bowergithub/vaadin/vaadin-select/2.1.5/vaadin-select-2.1.5.jar:/Users/sabihmalik/.m2/repository/org/webjars/bowergithub/vaadin/vaadin-list-box/1.1.1/vaadin-list-box-1.1.1.jar:/Users/sabihmalik/.m2/repository/org/webjars/bowergithub/vaadin/vaadin-list-mixin/2.2.1/vaadin-list-mixin-2.2.1.jar:/Users/sabihmalik/.m2/repository/com/vaadin/vaadin-dialog-flow/2.0.0/vaadin-dialog-flow-2.0.0.jar:/Users/sabihmalik/.m2/repository/org/webjars/bowergithub/vaadin/vaadin-dialog/2.2.1/vaadin-dialog-2.2.1.jar:/Users/sabihmalik/.m2/repository/com/vaadin/vaadin-form-layout-flow/2.0.0/vaadin-form-layout-flow-2.0.0.jar:/Users/sabihmalik/.m2/repository/org/webjars/bowergithub/vaadin/vaadin-form-layout/2.1.4/vaadin-form-layout-2.1.4.jar:/Users/sabihmalik/.m2/repository/com/vaadin/vaadin-grid-flow/4.0.4/vaadin-grid-flow-4.0.4.jar:/Users/sabihmalik/.m2/repository/org/webjars/npm/vaadin__vaadin-mobile-drag-drop/1.0.0/vaadin__vaadin-mobile-drag-drop-1.0.0.jar:/Users/sabihmalik/.m2/repository/org/webjars/npm/mobile-drag-drop/2.3.0-rc.1/mobile-drag-drop-2.3.0-rc.1.jar:/Users/sabihmalik/.m2/repository/org/webjars/bowergithub/vaadin/vaadin-grid/5.4.6/vaadin-grid-5.4.6.jar:/Users/sabihmalik/.m2/repository/org/apache/commons/commons-lang3/3.9/commons-lang3-3.9.jar:/Users/sabihmalik/.m2/repository/com/vaadin/vaadin-icons-flow/2.0.0/vaadin-icons-flow-2.0.0.jar:/Users/sabihmalik/.m2/repository/org/webjars/bowergithub/vaadin/vaadin-icons/4.3.1/vaadin-icons-4.3.1.jar:/Users/sabihmalik/.m2/repository/com/vaadin/vaadin-iron-list-flow/2.0.0/vaadin-iron-list-flow-2.0.0.jar:/Users/sabihmalik/.m2/repository/com/vaadin/vaadin-list-box-flow/2.0.0/vaadin-list-box-flow-2.0.0.jar:/Users/sabihmalik/.m2/repository/com/vaadin/vaadin-login-flow/2.0.0/vaadin-login-flow-2.0.0.jar:/Users/sabihmalik/.m2/repository/org/webjars/bowergithub/vaadin/vaadin-login/1.0.1/vaadin-login-1.0.1.jar:/Users/sabihmalik/.m2/repository/com/vaadin/vaadin-ordered-layout-flow/2.0.0/vaadin-ordered-layout-flow-2.0.0.jar:/Users/sabihmalik/.m2/repository/org/webjars/bowergithub/vaadin/vaadin-ordered-layout/1.1.0/vaadin-ordered-layout-1.1.0.jar:/Users/sabihmalik/.m2/repository/com/vaadin/vaadin-progress-bar-flow/2.0.1/vaadin-progress-bar-flow-2.0.1.jar:/Users/sabihmalik/.m2/repository/org/webjars/bowergithub/vaadin/vaadin-progress-bar/1.1.2/vaadin-progress-bar-1.1.2.jar:/Users/sabihmalik/.m2/repository/com/vaadin/vaadin-radio-button-flow/2.0.0/vaadin-radio-button-flow-2.0.0.jar:/Users/sabihmalik/.m2/repository/org/webjars/bowergithub/vaadin/vaadin-radio-button/1.2.3/vaadin-radio-button-1.2.3.jar:/Users/sabihmalik/.m2/repository/com/vaadin/vaadin-split-layout-flow/2.0.1/vaadin-split-layout-flow-2.0.1.jar:/Users/sabihmalik/.m2/repository/org/webjars/bowergithub/vaadin/vaadin-split-layout/4.1.1/vaadin-split-layout-4.1.1.jar:/Users/sabihmalik/.m2/repository/com/vaadin/vaadin-tabs-flow/2.0.2/vaadin-tabs-flow-2.0.2.jar:/Users/sabihmalik/.m2/repository/org/webjars/bowergithub/vaadin/vaadin-tabs/3.0.4/vaadin-tabs-3.0.4.jar:/Users/sabihmalik/.m2/repository/com/vaadin/vaadin-text-field-flow/2.0.2/vaadin-text-field-flow-2.0.2.jar:/Users/sabihmalik/.m2/repository/com/vaadin/vaadin-upload-flow/2.0.0/vaadin-upload-flow-2.0.0.jar:/Users/sabihmalik/.m2/repository/org/webjars/bowergithub/vaadin/vaadin-upload/4.2.2/vaadin-upload-4.2.2.jar:/Users/sabihmalik/.m2/repository/com/vaadin/vaadin-notification-flow/2.0.0/vaadin-notification-flow-2.0.0.jar:/Users/sabihmalik/.m2/repository/org/webjars/bowergithub/vaadin/vaadin-notification/1.4.0/vaadin-notification-1.4.0.jar:/Users/sabihmalik/.m2/repository/com/vaadin/vaadin-app-layout-flow/2.0.1/vaadin-app-layout-flow-2.0.1.jar:/Users/sabihmalik/.m2/repository/org/webjars/bowergithub/vaadin/vaadin-app-layout/2.0.2/vaadin-app-layout-2.0.2.jar:/Users/sabihmalik/.m2/repository/com/vaadin/vaadin-context-menu-flow/3.0.2/vaadin-context-menu-flow-3.0.2.jar:/Users/sabihmalik/.m2/repository/org/webjars/bowergithub/vaadin/vaadin-context-menu/4.3.12/vaadin-context-menu-4.3.12.jar:/Users/sabihmalik/.m2/repository/com/vaadin/vaadin-menu-bar-flow/1.0.1/vaadin-menu-bar-flow-1.0.1.jar:/Users/sabihmalik/.m2/repository/org/webjars/bowergithub/vaadin/vaadin-menu-bar/1.0.3/vaadin-menu-bar-1.0.3.jar:/Users/sabihmalik/.m2/repository/com/vaadin/vaadin-cdi/11.0.0/vaadin-cdi-11.0.0.jar:/Users/sabihmalik/.m2/repository/com/vaadin/flow-server/2.0.7/flow-server-2.0.7.jar:/Users/sabihmalik/.m2/repository/com/vaadin/external/gwt/gwt-elemental/2.8.2.vaadin2/gwt-elemental-2.8.2.vaadin2.jar:/Users/sabihmalik/.m2/repository/commons-fileupload/commons-fileupload/1.3.3/commons-fileupload-1.3.3.jar:/Users/sabihmalik/.m2/repository/commons-io/commons-io/2.5/commons-io-2.5.jar:/Users/sabihmalik/.m2/repository/org/jsoup/jsoup/1.11.3/jsoup-1.11.3.jar:/Users/sabihmalik/.m2/repository/com/helger/ph-css/6.1.1/ph-css-6.1.1.jar:/Users/sabihmalik/.m2/repository/com/helger/ph-commons/9.1.2/ph-commons-9.1.2.jar:/Users/sabihmalik/.m2/repository/com/vaadin/external/gentyref/1.2.0.vaadin1/gentyref-1.2.0.vaadin1.jar:/Users/sabihmalik/.m2/repository/com/vaadin/flow-client/2.0.7/flow-client-2.0.7.jar:/Users/sabihmalik/.m2/repository/org/apache/deltaspike/core/deltaspike-core-api/1.8.1/deltaspike-core-api-1.8.1.jar:/Users/sabihmalik/.m2/repository/org/apache/deltaspike/core/deltaspike-core-impl/1.8.1/deltaspike-core-impl-1.8.1.jar:/Users/sabihmalik/.m2/repository/javax/javaee-api/7.0/javaee-api-7.0.jar:/Users/sabihmalik/.m2/repository/com/sun/mail/javax.mail/1.5.0/javax.mail-1.5.0.jar:/Users/sabihmalik/.m2/repository/javax/activation/activation/1.1/activation-1.1.jar:/Users/sabihmalik/.m2/repository/org/vaadin/leaflet-for-flow/1.0/leaflet-for-flow-1.0.jar:/Users/sabihmalik/.m2/repository/org/github/legioth/field/0.10.0/field-0.10.0.jar:/Users/sabihmalik/.m2/repository/org/locationtech/jts/jts-core/1.16.0/jts-core-1.16.0.jar:/Users/sabihmalik/.m2/repository/com/vaadin/vaadin-board-flow/3.0.0/vaadin-board-flow-3.0.0.jar:/Users/sabihmalik/.m2/repository/com/vaadin/webjar/vaadin-board/2.1.0/vaadin-board-2.1.0.jar:/Users/sabihmalik/.m2/repository/org/webjars/bowergithub/vaadin/license-checker/2.1.0/license-checker-2.1.0.jar:/Users/sabihmalik/.m2/repository/org/webjars/bowergithub/polymerelements/iron-resizable-behavior/2.1.1/iron-resizable-behavior-2.1.1.jar:/Users/sabihmalik/.m2/repository/org/webjars/bowergithub/polymer/polymer/2.7.0/polymer-2.7.0.jar:/Users/sabihmalik/.m2/repository/org/webjars/bowergithub/webcomponents/webcomponentsjs/1.2.6/webcomponentsjs-1.2.6.jar:/Users/sabihmalik/.m2/repository/org/webjars/bowergithub/webcomponents/shadycss/1.8.0/shadycss-1.8.0.jar:/Users/sabihmalik/.m2/repository/org/webjars/bowergithub/vaadin/vaadin-element-mixin/2.1.3/vaadin-element-mixin-2.1.3.jar:/Users/sabihmalik/.m2/repository/org/webjars/bowergithub/vaadin/vaadin-usage-statistics/2.0.4/vaadin-usage-statistics-2.0.4.jar:/Users/sabihmalik/.m2/repository/org/webjars/bowergithub/vaadin/vaadin-development-mode-detector/2.0.4/vaadin-development-mode-detector-2.0.4.jar:"/>
    <property name="java.vm.vendor" value="Oracle Corporation"/>
    <property name="sun.arch.data.model" value="64"/>
    <property name="java.vendor.url" value="https://java.oracle.com/"/>
    <property name="os.name" value="Mac OS X"/>
    <property name="java.vm.specification.version" value="12"/>
    <property name="sun.java.launcher" value="SUN_STANDARD"/>
    <property name="user.country" value="US"/>
    <property name="sun.boot.library.path" value="/Library/Java/JavaVirtualMachines/jdk-12.0.1.jdk/Contents/Home/lib"/>
    <property name="sun.java.command" value="/Users/sabihmalik/Documents/Fall 2019/SWE443/VesselTracking-Zaid/VesselTracking/target/surefire/surefirebooter18440832440862617605.jar /Users/sabihmalik/Documents/Fall 2019/SWE443/VesselTracking-Zaid/VesselTracking/target/surefire 2019-11-25T15-11-49_335-jvmRun1 surefire11068871256355103689tmp surefire_013002053052317631990tmp"/>
    <property name="http.nonProxyHosts" value="local|*.local|169.254/16|*.169.254/16"/>
    <property name="jdk.debug" value="release"/>
    <property name="surefire.test.class.path" value="/Users/sabihmalik/Documents/Fall 2019/SWE443/VesselTracking-Zaid/VesselTracking/target/test-classes:/Users/sabihmalik/Documents/Fall 2019/SWE443/VesselTracking-Zaid/VesselTracking/target/classes:/Users/sabihmalik/.m2/repository/org/springframework/boot/spring-boot-starter-amqp/2.2.0.RELEASE/spring-boot-starter-amqp-2.2.0.RELEASE.jar:/Users/sabihmalik/.m2/repository/org/springframework/boot/spring-boot-starter/2.2.0.RELEASE/spring-boot-starter-2.2.0.RELEASE.jar:/Users/sabihmalik/.m2/repository/org/springframework/boot/spring-boot/2.2.0.RELEASE/spring-boot-2.2.0.RELEASE.jar:/Users/sabihmalik/.m2/repository/org/springframework/boot/spring-boot-autoconfigure/2.2.0.RELEASE/spring-boot-autoconfigure-2.2.0.RELEASE.jar:/Users/sabihmalik/.m2/repository/org/springframework/boot/spring-boot-starter-logging/2.2.0.RELEASE/spring-boot-starter-logging-2.2.0.RELEASE.jar:/Users/sabihmalik/.m2/repository/ch/qos/logback/logback-classic/1.2.3/logback-classic-1.2.3.jar:/Users/sabihmalik/.m2/repository/ch/qos/logback/logback-core/1.2.3/logback-core-1.2.3.jar:/Users/sabihmalik/.m2/repository/org/apache/logging/log4j/log4j-to-slf4j/2.12.1/log4j-to-slf4j-2.12.1.jar:/Users/sabihmalik/.m2/repository/org/apache/logging/log4j/log4j-api/2.12.1/log4j-api-2.12.1.jar:/Users/sabihmalik/.m2/repository/org/slf4j/jul-to-slf4j/1.7.28/jul-to-slf4j-1.7.28.jar:/Users/sabihmalik/.m2/repository/jakarta/annotation/jakarta.annotation-api/1.3.5/jakarta.annotation-api-1.3.5.jar:/Users/sabihmalik/.m2/repository/org/yaml/snakeyaml/1.25/snakeyaml-1.25.jar:/Users/sabihmalik/.m2/repository/org/springframework/spring-messaging/5.2.0.RELEASE/spring-messaging-5.2.0.RELEASE.jar:/Users/sabihmalik/.m2/repository/org/springframework/spring-beans/5.2.0.RELEASE/spring-beans-5.2.0.RELEASE.jar:/Users/sabihmalik/.m2/repository/org/springframework/amqp/spring-rabbit/2.2.0.RELEASE/spring-rabbit-2.2.0.RELEASE.jar:/Users/sabihmalik/.m2/repository/com/rabbitmq/amqp-client/5.7.3/amqp-client-5.7.3.jar:/Users/sabihmalik/.m2/repository/org/springframework/amqp/spring-amqp/2.2.0.RELEASE/spring-amqp-2.2.0.RELEASE.jar:/Users/sabihmalik/.m2/repository/org/springframework/retry/spring-retry/1.2.4.RELEASE/spring-retry-1.2.4.RELEASE.jar:/Users/sabihmalik/.m2/repository/org/springframework/spring-context/5.2.0.RELEASE/spring-context-5.2.0.RELEASE.jar:/Users/sabihmalik/.m2/repository/org/springframework/spring-tx/5.2.0.RELEASE/spring-tx-5.2.0.RELEASE.jar:/Users/sabihmalik/.m2/repository/org/springframework/boot/spring-boot-starter-data-jpa/2.2.0.RELEASE/spring-boot-starter-data-jpa-2.2.0.RELEASE.jar:/Users/sabihmalik/.m2/repository/org/springframework/boot/spring-boot-starter-aop/2.2.0.RELEASE/spring-boot-starter-aop-2.2.0.RELEASE.jar:/Users/sabihmalik/.m2/repository/org/springframework/spring-aop/5.2.0.RELEASE/spring-aop-5.2.0.RELEASE.jar:/Users/sabihmalik/.m2/repository/org/aspectj/aspectjweaver/1.9.4/aspectjweaver-1.9.4.jar:/Users/sabihmalik/.m2/repository/org/springframework/boot/spring-boot-starter-jdbc/2.2.0.RELEASE/spring-boot-starter-jdbc-2.2.0.RELEASE.jar:/Users/sabihmalik/.m2/repository/com/zaxxer/HikariCP/3.4.1/HikariCP-3.4.1.jar:/Users/sabihmalik/.m2/repository/org/springframework/spring-jdbc/5.2.0.RELEASE/spring-jdbc-5.2.0.RELEASE.jar:/Users/sabihmalik/.m2/repository/jakarta/activation/jakarta.activation-api/1.2.1/jakarta.activation-api-1.2.1.jar:/Users/sabihmalik/.m2/repository/jakarta/persistence/jakarta.persistence-api/2.2.3/jakarta.persistence-api-2.2.3.jar:/Users/sabihmalik/.m2/repository/jakarta/transaction/jakarta.transaction-api/1.3.3/jakarta.transaction-api-1.3.3.jar:/Users/sabihmalik/.m2/repository/org/hibernate/hibernate-core/5.4.6.Final/hibernate-core-5.4.6.Final.jar:/Users/sabihmalik/.m2/repository/org/jboss/logging/jboss-logging/3.4.1.Final/jboss-logging-3.4.1.Final.jar:/Users/sabihmalik/.m2/repository/org/javassist/javassist/3.24.0-GA/javassist-3.24.0-GA.jar:/Users/sabihmalik/.m2/repository/net/bytebuddy/byte-buddy/1.10.1/byte-buddy-1.10.1.jar:/Users/sabihmalik/.m2/repository/antlr/antlr/2.7.7/antlr-2.7.7.jar:/Users/sabihmalik/.m2/repository/org/jboss/jandex/2.0.5.Final/jandex-2.0.5.Final.jar:/Users/sabihmalik/.m2/repository/com/fasterxml/classmate/1.5.0/classmate-1.5.0.jar:/Users/sabihmalik/.m2/repository/org/dom4j/dom4j/2.1.1/dom4j-2.1.1.jar:/Users/sabihmalik/.m2/repository/org/hibernate/common/hibernate-commons-annotations/5.1.0.Final/hibernate-commons-annotations-5.1.0.Final.jar:/Users/sabihmalik/.m2/repository/org/glassfish/jaxb/jaxb-runtime/2.3.2/jaxb-runtime-2.3.2.jar:/Users/sabihmalik/.m2/repository/org/glassfish/jaxb/txw2/2.3.2/txw2-2.3.2.jar:/Users/sabihmalik/.m2/repository/com/sun/istack/istack-commons-runtime/3.0.8/istack-commons-runtime-3.0.8.jar:/Users/sabihmalik/.m2/repository/org/jvnet/staxex/stax-ex/1.8.1/stax-ex-1.8.1.jar:/Users/sabihmalik/.m2/repository/com/sun/xml/fastinfoset/FastInfoset/1.2.16/FastInfoset-1.2.16.jar:/Users/sabihmalik/.m2/repository/org/springframework/data/spring-data-jpa/2.2.0.RELEASE/spring-data-jpa-2.2.0.RELEASE.jar:/Users/sabihmalik/.m2/repository/org/springframework/data/spring-data-commons/2.2.0.RELEASE/spring-data-commons-2.2.0.RELEASE.jar:/Users/sabihmalik/.m2/repository/org/springframework/spring-orm/5.2.0.RELEASE/spring-orm-5.2.0.RELEASE.jar:/Users/sabihmalik/.m2/repository/org/slf4j/slf4j-api/1.7.28/slf4j-api-1.7.28.jar:/Users/sabihmalik/.m2/repository/org/springframework/spring-aspects/5.2.0.RELEASE/spring-aspects-5.2.0.RELEASE.jar:/Users/sabihmalik/.m2/repository/org/springframework/boot/spring-boot-starter-hateoas/2.2.0.RELEASE/spring-boot-starter-hateoas-2.2.0.RELEASE.jar:/Users/sabihmalik/.m2/repository/org/springframework/hateoas/spring-hateoas/1.0.0.RELEASE/spring-hateoas-1.0.0.RELEASE.jar:/Users/sabihmalik/.m2/repository/org/springframework/plugin/spring-plugin-core/2.0.0.RELEASE/spring-plugin-core-2.0.0.RELEASE.jar:/Users/sabihmalik/.m2/repository/org/springframework/boot/spring-boot-starter-web/2.2.0.RELEASE/spring-boot-starter-web-2.2.0.RELEASE.jar:/Users/sabihmalik/.m2/repository/org/springframework/boot/spring-boot-starter-json/2.2.0.RELEASE/spring-boot-starter-json-2.2.0.RELEASE.jar:/Users/sabihmalik/.m2/repository/com/fasterxml/jackson/core/jackson-databind/2.10.0/jackson-databind-2.10.0.jar:/Users/sabihmalik/.m2/repository/com/fasterxml/jackson/core/jackson-annotations/2.10.0/jackson-annotations-2.10.0.jar:/Users/sabihmalik/.m2/repository/com/fasterxml/jackson/core/jackson-core/2.10.0/jackson-core-2.10.0.jar:/Users/sabihmalik/.m2/repository/com/fasterxml/jackson/datatype/jackson-datatype-jdk8/2.10.0/jackson-datatype-jdk8-2.10.0.jar:/Users/sabihmalik/.m2/repository/com/fasterxml/jackson/datatype/jackson-datatype-jsr310/2.10.0/jackson-datatype-jsr310-2.10.0.jar:/Users/sabihmalik/.m2/repository/com/fasterxml/jackson/module/jackson-module-parameter-names/2.10.0/jackson-module-parameter-names-2.10.0.jar:/Users/sabihmalik/.m2/repository/org/springframework/boot/spring-boot-starter-tomcat/2.2.0.RELEASE/spring-boot-starter-tomcat-2.2.0.RELEASE.jar:/Users/sabihmalik/.m2/repository/org/apache/tomcat/embed/tomcat-embed-websocket/9.0.27/tomcat-embed-websocket-9.0.27.jar:/Users/sabihmalik/.m2/repository/org/springframework/boot/spring-boot-starter-validation/2.2.0.RELEASE/spring-boot-starter-validation-2.2.0.RELEASE.jar:/Users/sabihmalik/.m2/repository/jakarta/validation/jakarta.validation-api/2.0.1/jakarta.validation-api-2.0.1.jar:/Users/sabihmalik/.m2/repository/org/hibernate/validator/hibernate-validator/6.0.17.Final/hibernate-validator-6.0.17.Final.jar:/Users/sabihmalik/.m2/repository/org/springframework/spring-web/5.2.0.RELEASE/spring-web-5.2.0.RELEASE.jar:/Users/sabihmalik/.m2/repository/org/springframework/spring-webmvc/5.2.0.RELEASE/spring-webmvc-5.2.0.RELEASE.jar:/Users/sabihmalik/.m2/repository/org/springframework/spring-expression/5.2.0.RELEASE/spring-expression-5.2.0.RELEASE.jar:/Users/sabihmalik/.m2/repository/org/springframework/boot/spring-boot-starter-webflux/2.2.0.RELEASE/spring-boot-starter-webflux-2.2.0.RELEASE.jar:/Users/sabihmalik/.m2/repository/org/springframework/boot/spring-boot-starter-reactor-netty/2.2.0.RELEASE/spring-boot-starter-reactor-netty-2.2.0.RELEASE.jar:/Users/sabihmalik/.m2/repository/io/projectreactor/netty/reactor-netty/0.9.0.RELEASE/reactor-netty-0.9.0.RELEASE.jar:/Users/sabihmalik/.m2/repository/io/netty/netty-codec-http/4.1.42.Final/netty-codec-http-4.1.42.Final.jar:/Users/sabihmalik/.m2/repository/io/netty/netty-common/4.1.42.Final/netty-common-4.1.42.Final.jar:/Users/sabihmalik/.m2/repository/io/netty/netty-buffer/4.1.42.Final/netty-buffer-4.1.42.Final.jar:/Users/sabihmalik/.m2/repository/io/netty/netty-transport/4.1.42.Final/netty-transport-4.1.42.Final.jar:/Users/sabihmalik/.m2/repository/io/netty/netty-resolver/4.1.42.Final/netty-resolver-4.1.42.Final.jar:/Users/sabihmalik/.m2/repository/io/netty/netty-codec/4.1.42.Final/netty-codec-4.1.42.Final.jar:/Users/sabihmalik/.m2/repository/io/netty/netty-codec-http2/4.1.42.Final/netty-codec-http2-4.1.42.Final.jar:/Users/sabihmalik/.m2/repository/io/netty/netty-handler/4.1.42.Final/netty-handler-4.1.42.Final.jar:/Users/sabihmalik/.m2/repository/io/netty/netty-handler-proxy/4.1.42.Final/netty-handler-proxy-4.1.42.Final.jar:/Users/sabihmalik/.m2/repository/io/netty/netty-codec-socks/4.1.42.Final/netty-codec-socks-4.1.42.Final.jar:/Users/sabihmalik/.m2/repository/io/netty/netty-transport-native-epoll/4.1.42.Final/netty-transport-native-epoll-4.1.42.Final-linux-x86_64.jar:/Users/sabihmalik/.m2/repository/io/netty/netty-transport-native-unix-common/4.1.42.Final/netty-transport-native-unix-common-4.1.42.Final.jar:/Users/sabihmalik/.m2/repository/io/projectreactor/addons/reactor-pool/0.1.0.RELEASE/reactor-pool-0.1.0.RELEASE.jar:/Users/sabihmalik/.m2/repository/org/glassfish/jakarta.el/3.0.3/jakarta.el-3.0.3.jar:/Users/sabihmalik/.m2/repository/org/springframework/spring-webflux/5.2.0.RELEASE/spring-webflux-5.2.0.RELEASE.jar:/Users/sabihmalik/.m2/repository/org/synchronoss/cloud/nio-multipart-parser/1.1.0/nio-multipart-parser-1.1.0.jar:/Users/sabihmalik/.m2/repository/org/synchronoss/cloud/nio-stream-storage/1.1.3/nio-stream-storage-1.1.3.jar:/Users/sabihmalik/.m2/repository/com/h2database/h2/1.4.199/h2-1.4.199.jar:/Users/sabihmalik/.m2/repository/org/springframework/boot/spring-boot-starter-test/2.2.0.RELEASE/spring-boot-starter-test-2.2.0.RELEASE.jar:/Users/sabihmalik/.m2/repository/org/springframework/boot/spring-boot-test/2.2.0.RELEASE/spring-boot-test-2.2.0.RELEASE.jar:/Users/sabihmalik/.m2/repository/org/springframework/boot/spring-boot-test-autoconfigure/2.2.0.RELEASE/spring-boot-test-autoconfigure-2.2.0.RELEASE.jar:/Users/sabihmalik/.m2/repository/com/jayway/jsonpath/json-path/2.4.0/json-path-2.4.0.jar:/Users/sabihmalik/.m2/repository/net/minidev/json-smart/2.3/json-smart-2.3.jar:/Users/sabihmalik/.m2/repository/net/minidev/accessors-smart/1.2/accessors-smart-1.2.jar:/Users/sabihmalik/.m2/repository/org/ow2/asm/asm/5.0.4/asm-5.0.4.jar:/Users/sabihmalik/.m2/repository/jakarta/xml/bind/jakarta.xml.bind-api/2.3.2/jakarta.xml.bind-api-2.3.2.jar:/Users/sabihmalik/.m2/repository/org/junit/jupiter/junit-jupiter/5.5.2/junit-jupiter-5.5.2.jar:/Users/sabihmalik/.m2/repository/org/junit/jupiter/junit-jupiter-api/5.5.2/junit-jupiter-api-5.5.2.jar:/Users/sabihmalik/.m2/repository/org/apiguardian/apiguardian-api/1.1.0/apiguardian-api-1.1.0.jar:/Users/sabihmalik/.m2/repository/org/opentest4j/opentest4j/1.2.0/opentest4j-1.2.0.jar:/Users/sabihmalik/.m2/repository/org/junit/platform/junit-platform-commons/1.5.2/junit-platform-commons-1.5.2.jar:/Users/sabihmalik/.m2/repository/org/junit/jupiter/junit-jupiter-params/5.5.2/junit-jupiter-params-5.5.2.jar:/Users/sabihmalik/.m2/repository/org/junit/jupiter/junit-jupiter-engine/5.5.2/junit-jupiter-engine-5.5.2.jar:/Users/sabihmalik/.m2/repository/org/junit/platform/junit-platform-engine/1.5.2/junit-platform-engine-1.5.2.jar:/Users/sabihmalik/.m2/repository/org/mockito/mockito-junit-jupiter/3.1.0/mockito-junit-jupiter-3.1.0.jar:/Users/sabihmalik/.m2/repository/org/assertj/assertj-core/3.13.2/assertj-core-3.13.2.jar:/Users/sabihmalik/.m2/repository/org/hamcrest/hamcrest/2.1/hamcrest-2.1.jar:/Users/sabihmalik/.m2/repository/org/mockito/mockito-core/3.1.0/mockito-core-3.1.0.jar:/Users/sabihmalik/.m2/repository/net/bytebuddy/byte-buddy-agent/1.10.1/byte-buddy-agent-1.10.1.jar:/Users/sabihmalik/.m2/repository/org/objenesis/objenesis/2.6/objenesis-2.6.jar:/Users/sabihmalik/.m2/repository/org/skyscreamer/jsonassert/1.5.0/jsonassert-1.5.0.jar:/Users/sabihmalik/.m2/repository/com/vaadin/external/google/android-json/0.0.20131108.vaadin1/android-json-0.0.20131108.vaadin1.jar:/Users/sabihmalik/.m2/repository/org/springframework/spring-core/5.2.0.RELEASE/spring-core-5.2.0.RELEASE.jar:/Users/sabihmalik/.m2/repository/org/springframework/spring-jcl/5.2.0.RELEASE/spring-jcl-5.2.0.RELEASE.jar:/Users/sabihmalik/.m2/repository/org/springframework/spring-test/5.2.0.RELEASE/spring-test-5.2.0.RELEASE.jar:/Users/sabihmalik/.m2/repository/org/xmlunit/xmlunit-core/2.6.3/xmlunit-core-2.6.3.jar:/Users/sabihmalik/.m2/repository/io/projectreactor/reactor-test/3.3.0.RELEASE/reactor-test-3.3.0.RELEASE.jar:/Users/sabihmalik/.m2/repository/io/projectreactor/reactor-core/3.3.0.RELEASE/reactor-core-3.3.0.RELEASE.jar:/Users/sabihmalik/.m2/repository/org/reactivestreams/reactive-streams/1.0.3/reactive-streams-1.0.3.jar:/Users/sabihmalik/.m2/repository/org/springframework/amqp/spring-rabbit-test/2.2.0.RELEASE/spring-rabbit-test-2.2.0.RELEASE.jar:/Users/sabihmalik/.m2/repository/org/hamcrest/hamcrest-core/2.1/hamcrest-core-2.1.jar:/Users/sabihmalik/.m2/repository/org/hamcrest/hamcrest-library/2.1/hamcrest-library-2.1.jar:/Users/sabihmalik/.m2/repository/org/springframework/amqp/spring-rabbit-junit/2.2.0.RELEASE/spring-rabbit-junit-2.2.0.RELEASE.jar:/Users/sabihmalik/.m2/repository/com/rabbitmq/http-client/3.2.0.RELEASE/http-client-3.2.0.RELEASE.jar:/Users/sabihmalik/.m2/repository/org/apache/tomcat/embed/tomcat-embed-jasper/9.0.27/tomcat-embed-jasper-9.0.27.jar:/Users/sabihmalik/.m2/repository/org/apache/tomcat/embed/tomcat-embed-core/9.0.27/tomcat-embed-core-9.0.27.jar:/Users/sabihmalik/.m2/repository/org/apache/tomcat/tomcat-annotations-api/9.0.27/tomcat-annotations-api-9.0.27.jar:/Users/sabihmalik/.m2/repository/org/apache/tomcat/embed/tomcat-embed-el/9.0.27/tomcat-embed-el-9.0.27.jar:/Users/sabihmalik/.m2/repository/org/eclipse/jdt/ecj/3.18.0/ecj-3.18.0.jar:/Users/sabihmalik/.m2/repository/javax/servlet/jstl/1.2/jstl-1.2.jar:/Users/sabihmalik/.m2/repository/mysql/mysql-connector-java/8.0.18/mysql-connector-java-8.0.18.jar:/Users/sabihmalik/.m2/repository/com/vaadin/vaadin-spring-boot-starter/14.0.0/vaadin-spring-boot-starter-14.0.0.jar:/Users/sabihmalik/.m2/repository/com/vaadin/vaadin-spring/12.0.3/vaadin-spring-12.0.3.jar:/Users/sabihmalik/.m2/repository/com/vaadin/flow-push/2.0.7/flow-push-2.0.7.jar:/Users/sabihmalik/.m2/repository/com/vaadin/external/atmosphere/atmosphere-runtime/2.4.30.slf4jvaadin1/atmosphere-runtime-2.4.30.slf4jvaadin1.jar:/Users/sabihmalik/.m2/repository/org/springframework/spring-websocket/5.2.0.RELEASE/spring-websocket-5.2.0.RELEASE.jar:/Users/sabihmalik/.m2/repository/com/vaadin/vaadin-core/14.0.0/vaadin-core-14.0.0.jar:/Users/sabihmalik/.m2/repository/com/vaadin/flow-html-components/2.0.7/flow-html-components-2.0.7.jar:/Users/sabihmalik/.m2/repository/com/vaadin/flow-data/2.0.7/flow-data-2.0.7.jar:/Users/sabihmalik/.m2/repository/javax/validation/validation-api/2.0.1.Final/validation-api-2.0.1.Final.jar:/Users/sabihmalik/.m2/repository/com/vaadin/vaadin-lumo-theme/2.0.7/vaadin-lumo-theme-2.0.7.jar:/Users/sabihmalik/.m2/repository/org/webjars/bowergithub/vaadin/vaadin-lumo-styles/1.5.0/vaadin-lumo-styles-1.5.0.jar:/Users/sabihmalik/.m2/repository/org/webjars/bowergithub/polymerelements/iron-icon/2.1.0/iron-icon-2.1.0.jar:/Users/sabihmalik/.m2/repository/org/webjars/bowergithub/polymerelements/iron-meta/2.1.1/iron-meta-2.1.1.jar:/Users/sabihmalik/.m2/repository/org/webjars/bowergithub/polymerelements/iron-iconset-svg/2.2.1/iron-iconset-svg-2.2.1.jar:/Users/sabihmalik/.m2/repository/org/webjars/bowergithub/polymerelements/iron-flex-layout/2.0.3/iron-flex-layout-2.0.3.jar:/Users/sabihmalik/.m2/repository/com/vaadin/vaadin-material-theme/2.0.7/vaadin-material-theme-2.0.7.jar:/Users/sabihmalik/.m2/repository/org/webjars/bowergithub/vaadin/vaadin-material-styles/1.2.3/vaadin-material-styles-1.2.3.jar:/Users/sabihmalik/.m2/repository/com/vaadin/vaadin-accordion-flow/2.0.0/vaadin-accordion-flow-2.0.0.jar:/Users/sabihmalik/.m2/repository/org/webjars/bowergithub/vaadin/vaadin-accordion/1.0.1/vaadin-accordion-1.0.1.jar:/Users/sabihmalik/.m2/repository/org/webjars/bowergithub/vaadin/vaadin-details/1.0.1/vaadin-details-1.0.1.jar:/Users/sabihmalik/.m2/repository/org/webjars/bowergithub/vaadin/vaadin-themable-mixin/1.4.4/vaadin-themable-mixin-1.4.4.jar:/Users/sabihmalik/.m2/repository/com/vaadin/vaadin-button-flow/2.0.1/vaadin-button-flow-2.0.1.jar:/Users/sabihmalik/.m2/repository/org/webjars/bowergithub/vaadin/vaadin-button/2.2.1/vaadin-button-2.2.1.jar:/Users/sabihmalik/.m2/repository/org/webjars/bowergithub/vaadin/vaadin-control-state-mixin/2.1.3/vaadin-control-state-mixin-2.1.3.jar:/Users/sabihmalik/.m2/repository/com/vaadin/vaadin-checkbox-flow/2.0.0/vaadin-checkbox-flow-2.0.0.jar:/Users/sabihmalik/.m2/repository/org/webjars/bowergithub/vaadin/vaadin-checkbox/2.2.10/vaadin-checkbox-2.2.10.jar:/Users/sabihmalik/.m2/repository/com/vaadin/vaadin-combo-box-flow/3.0.2/vaadin-combo-box-flow-3.0.2.jar:/Users/sabihmalik/.m2/repository/org/webjars/bowergithub/vaadin/vaadin-combo-box/5.0.6/vaadin-combo-box-5.0.6.jar:/Users/sabihmalik/.m2/repository/org/webjars/bowergithub/vaadin/vaadin-text-field/2.4.8/vaadin-text-field-2.4.8.jar:/Users/sabihmalik/.m2/repository/org/webjars/bowergithub/polymerelements/iron-a11y-announcer/2.1.0/iron-a11y-announcer-2.1.0.jar:/Users/sabihmalik/.m2/repository/org/webjars/bowergithub/polymerelements/iron-list/2.0.19/iron-list-2.0.19.jar:/Users/sabihmalik/.m2/repository/org/webjars/bowergithub/polymerelements/iron-scroll-target-behavior/2.1.1/iron-scroll-target-behavior-2.1.1.jar:/Users/sabihmalik/.m2/repository/org/webjars/bowergithub/polymerelements/iron-a11y-keys-behavior/2.1.1/iron-a11y-keys-behavior-2.1.1.jar:/Users/sabihmalik/.m2/repository/org/webjars/bowergithub/vaadin/vaadin-item/2.1.1/vaadin-item-2.1.1.jar:/Users/sabihmalik/.m2/repository/org/webjars/bowergithub/vaadin/vaadin-overlay/3.2.13/vaadin-overlay-3.2.13.jar:/Users/sabihmalik/.m2/repository/org/webjars/bowergithub/polymerelements/iron-overlay-behavior/2.3.4/iron-overlay-behavior-2.3.4.jar:/Users/sabihmalik/.m2/repository/org/webjars/bowergithub/polymerelements/iron-fit-behavior/2.2.1/iron-fit-behavior-2.2.1.jar:/Users/sabihmalik/.m2/repository/com/vaadin/vaadin-custom-field-flow/3.0.1/vaadin-custom-field-flow-3.0.1.jar:/Users/sabihmalik/.m2/repository/javax/servlet/javax.servlet-api/4.0.1/javax.servlet-api-4.0.1.jar:/Users/sabihmalik/.m2/repository/org/webjars/bowergithub/vaadin/vaadin-custom-field/1.0.6/vaadin-custom-field-1.0.6.jar:/Users/sabihmalik/.m2/repository/com/vaadin/vaadin-date-picker-flow/2.0.2/vaadin-date-picker-flow-2.0.2.jar:/Users/sabihmalik/.m2/repository/org/webjars/bowergithub/vaadin/vaadin-date-picker/4.0.3/vaadin-date-picker-4.0.3.jar:/Users/sabihmalik/.m2/repository/org/webjars/bowergithub/polymerelements/iron-media-query/2.1.0/iron-media-query-2.1.0.jar:/Users/sabihmalik/.m2/repository/com/vaadin/vaadin-details-flow/2.0.0/vaadin-details-flow-2.0.0.jar:/Users/sabihmalik/.m2/repository/com/vaadin/vaadin-time-picker-flow/2.0.1/vaadin-time-picker-flow-2.0.1.jar:/Users/sabihmalik/.m2/repository/org/webjars/bowergithub/vaadin/vaadin-time-picker/2.0.2/vaadin-time-picker-2.0.2.jar:/Users/sabihmalik/.m2/repository/com/vaadin/vaadin-select-flow/2.0.1/vaadin-select-flow-2.0.1.jar:/Users/sabihmalik/.m2/repository/org/webjars/bowergithub/vaadin/vaadin-select/2.1.5/vaadin-select-2.1.5.jar:/Users/sabihmalik/.m2/repository/org/webjars/bowergithub/vaadin/vaadin-list-box/1.1.1/vaadin-list-box-1.1.1.jar:/Users/sabihmalik/.m2/repository/org/webjars/bowergithub/vaadin/vaadin-list-mixin/2.2.1/vaadin-list-mixin-2.2.1.jar:/Users/sabihmalik/.m2/repository/com/vaadin/vaadin-dialog-flow/2.0.0/vaadin-dialog-flow-2.0.0.jar:/Users/sabihmalik/.m2/repository/org/webjars/bowergithub/vaadin/vaadin-dialog/2.2.1/vaadin-dialog-2.2.1.jar:/Users/sabihmalik/.m2/repository/com/vaadin/vaadin-form-layout-flow/2.0.0/vaadin-form-layout-flow-2.0.0.jar:/Users/sabihmalik/.m2/repository/org/webjars/bowergithub/vaadin/vaadin-form-layout/2.1.4/vaadin-form-layout-2.1.4.jar:/Users/sabihmalik/.m2/repository/com/vaadin/vaadin-grid-flow/4.0.4/vaadin-grid-flow-4.0.4.jar:/Users/sabihmalik/.m2/repository/org/webjars/npm/vaadin__vaadin-mobile-drag-drop/1.0.0/vaadin__vaadin-mobile-drag-drop-1.0.0.jar:/Users/sabihmalik/.m2/repository/org/webjars/npm/mobile-drag-drop/2.3.0-rc.1/mobile-drag-drop-2.3.0-rc.1.jar:/Users/sabihmalik/.m2/repository/org/webjars/bowergithub/vaadin/vaadin-grid/5.4.6/vaadin-grid-5.4.6.jar:/Users/sabihmalik/.m2/repository/org/apache/commons/commons-lang3/3.9/commons-lang3-3.9.jar:/Users/sabihmalik/.m2/repository/com/vaadin/vaadin-icons-flow/2.0.0/vaadin-icons-flow-2.0.0.jar:/Users/sabihmalik/.m2/repository/org/webjars/bowergithub/vaadin/vaadin-icons/4.3.1/vaadin-icons-4.3.1.jar:/Users/sabihmalik/.m2/repository/com/vaadin/vaadin-iron-list-flow/2.0.0/vaadin-iron-list-flow-2.0.0.jar:/Users/sabihmalik/.m2/repository/com/vaadin/vaadin-list-box-flow/2.0.0/vaadin-list-box-flow-2.0.0.jar:/Users/sabihmalik/.m2/repository/com/vaadin/vaadin-login-flow/2.0.0/vaadin-login-flow-2.0.0.jar:/Users/sabihmalik/.m2/repository/org/webjars/bowergithub/vaadin/vaadin-login/1.0.1/vaadin-login-1.0.1.jar:/Users/sabihmalik/.m2/repository/com/vaadin/vaadin-ordered-layout-flow/2.0.0/vaadin-ordered-layout-flow-2.0.0.jar:/Users/sabihmalik/.m2/repository/org/webjars/bowergithub/vaadin/vaadin-ordered-layout/1.1.0/vaadin-ordered-layout-1.1.0.jar:/Users/sabihmalik/.m2/repository/com/vaadin/vaadin-progress-bar-flow/2.0.1/vaadin-progress-bar-flow-2.0.1.jar:/Users/sabihmalik/.m2/repository/org/webjars/bowergithub/vaadin/vaadin-progress-bar/1.1.2/vaadin-progress-bar-1.1.2.jar:/Users/sabihmalik/.m2/repository/com/vaadin/vaadin-radio-button-flow/2.0.0/vaadin-radio-button-flow-2.0.0.jar:/Users/sabihmalik/.m2/repository/org/webjars/bowergithub/vaadin/vaadin-radio-button/1.2.3/vaadin-radio-button-1.2.3.jar:/Users/sabihmalik/.m2/repository/com/vaadin/vaadin-split-layout-flow/2.0.1/vaadin-split-layout-flow-2.0.1.jar:/Users/sabihmalik/.m2/repository/org/webjars/bowergithub/vaadin/vaadin-split-layout/4.1.1/vaadin-split-layout-4.1.1.jar:/Users/sabihmalik/.m2/repository/com/vaadin/vaadin-tabs-flow/2.0.2/vaadin-tabs-flow-2.0.2.jar:/Users/sabihmalik/.m2/repository/org/webjars/bowergithub/vaadin/vaadin-tabs/3.0.4/vaadin-tabs-3.0.4.jar:/Users/sabihmalik/.m2/repository/com/vaadin/vaadin-text-field-flow/2.0.2/vaadin-text-field-flow-2.0.2.jar:/Users/sabihmalik/.m2/repository/com/vaadin/vaadin-upload-flow/2.0.0/vaadin-upload-flow-2.0.0.jar:/Users/sabihmalik/.m2/repository/org/webjars/bowergithub/vaadin/vaadin-upload/4.2.2/vaadin-upload-4.2.2.jar:/Users/sabihmalik/.m2/repository/com/vaadin/vaadin-notification-flow/2.0.0/vaadin-notification-flow-2.0.0.jar:/Users/sabihmalik/.m2/repository/org/webjars/bowergithub/vaadin/vaadin-notification/1.4.0/vaadin-notification-1.4.0.jar:/Users/sabihmalik/.m2/repository/com/vaadin/vaadin-app-layout-flow/2.0.1/vaadin-app-layout-flow-2.0.1.jar:/Users/sabihmalik/.m2/repository/org/webjars/bowergithub/vaadin/vaadin-app-layout/2.0.2/vaadin-app-layout-2.0.2.jar:/Users/sabihmalik/.m2/repository/com/vaadin/vaadin-context-menu-flow/3.0.2/vaadin-context-menu-flow-3.0.2.jar:/Users/sabihmalik/.m2/repository/org/webjars/bowergithub/vaadin/vaadin-context-menu/4.3.12/vaadin-context-menu-4.3.12.jar:/Users/sabihmalik/.m2/repository/com/vaadin/vaadin-menu-bar-flow/1.0.1/vaadin-menu-bar-flow-1.0.1.jar:/Users/sabihmalik/.m2/repository/org/webjars/bowergithub/vaadin/vaadin-menu-bar/1.0.3/vaadin-menu-bar-1.0.3.jar:/Users/sabihmalik/.m2/repository/com/vaadin/vaadin-cdi/11.0.0/vaadin-cdi-11.0.0.jar:/Users/sabihmalik/.m2/repository/com/vaadin/flow-server/2.0.7/flow-server-2.0.7.jar:/Users/sabihmalik/.m2/repository/com/vaadin/external/gwt/gwt-elemental/2.8.2.vaadin2/gwt-elemental-2.8.2.vaadin2.jar:/Users/sabihmalik/.m2/repository/commons-fileupload/commons-fileupload/1.3.3/commons-fileupload-1.3.3.jar:/Users/sabihmalik/.m2/repository/commons-io/commons-io/2.5/commons-io-2.5.jar:/Users/sabihmalik/.m2/repository/org/jsoup/jsoup/1.11.3/jsoup-1.11.3.jar:/Users/sabihmalik/.m2/repository/com/helger/ph-css/6.1.1/ph-css-6.1.1.jar:/Users/sabihmalik/.m2/repository/com/helger/ph-commons/9.1.2/ph-commons-9.1.2.jar:/Users/sabihmalik/.m2/repository/com/vaadin/external/gentyref/1.2.0.vaadin1/gentyref-1.2.0.vaadin1.jar:/Users/sabihmalik/.m2/repository/com/vaadin/flow-client/2.0.7/flow-client-2.0.7.jar:/Users/sabihmalik/.m2/repository/org/apache/deltaspike/core/deltaspike-core-api/1.8.1/deltaspike-core-api-1.8.1.jar:/Users/sabihmalik/.m2/repository/org/apache/deltaspike/core/deltaspike-core-impl/1.8.1/deltaspike-core-impl-1.8.1.jar:/Users/sabihmalik/.m2/repository/javax/javaee-api/7.0/javaee-api-7.0.jar:/Users/sabihmalik/.m2/repository/com/sun/mail/javax.mail/1.5.0/javax.mail-1.5.0.jar:/Users/sabihmalik/.m2/repository/javax/activation/activation/1.1/activation-1.1.jar:/Users/sabihmalik/.m2/repository/org/vaadin/leaflet-for-flow/1.0/leaflet-for-flow-1.0.jar:/Users/sabihmalik/.m2/repository/org/github/legioth/field/0.10.0/field-0.10.0.jar:/Users/sabihmalik/.m2/repository/org/locationtech/jts/jts-core/1.16.0/jts-core-1.16.0.jar:/Users/sabihmalik/.m2/repository/com/vaadin/vaadin-board-flow/3.0.0/vaadin-board-flow-3.0.0.jar:/Users/sabihmalik/.m2/repository/com/vaadin/webjar/vaadin-board/2.1.0/vaadin-board-2.1.0.jar:/Users/sabihmalik/.m2/repository/org/webjars/bowergithub/vaadin/license-checker/2.1.0/license-checker-2.1.0.jar:/Users/sabihmalik/.m2/repository/org/webjars/bowergithub/polymerelements/iron-resizable-behavior/2.1.1/iron-resizable-behavior-2.1.1.jar:/Users/sabihmalik/.m2/repository/org/webjars/bowergithub/polymer/polymer/2.7.0/polymer-2.7.0.jar:/Users/sabihmalik/.m2/repository/org/webjars/bowergithub/webcomponents/webcomponentsjs/1.2.6/webcomponentsjs-1.2.6.jar:/Users/sabihmalik/.m2/repository/org/webjars/bowergithub/webcomponents/shadycss/1.8.0/shadycss-1.8.0.jar:/Users/sabihmalik/.m2/repository/org/webjars/bowergithub/vaadin/vaadin-element-mixin/2.1.3/vaadin-element-mixin-2.1.3.jar:/Users/sabihmalik/.m2/repository/org/webjars/bowergithub/vaadin/vaadin-usage-statistics/2.0.4/vaadin-usage-statistics-2.0.4.jar:/Users/sabihmalik/.m2/repository/org/webjars/bowergithub/vaadin/vaadin-development-mode-detector/2.0.4/vaadin-development-mode-detector-2.0.4.jar:"/>
    <property name="sun.cpu.endian" value="little"/>
    <property name="user.home" value="/Users/sabihmalik"/>
    <property name="user.language" value="en"/>
    <property name="java.specification.vendor" value="Oracle Corporation"/>
    <property name="java.version.date" value="2019-04-16"/>
    <property name="java.home" value="/Library/Java/JavaVirtualMachines/jdk-12.0.1.jdk/Contents/Home"/>
    <property name="file.separator" value="/"/>
    <property name="basedir" value="/Users/sabihmalik/Documents/Fall 2019/SWE443/VesselTracking-Zaid/VesselTracking"/>
    <property name="java.vm.compressedOopsMode" value="Zero based"/>
    <property name="line.separator" value="&#10;"/>
    <property name="java.specification.name" value="Java Platform API Specification"/>
    <property name="java.vm.specification.vendor" value="Oracle Corporation"/>
    <property name="java.awt.graphicsenv" value="sun.awt.CGraphicsEnvironment"/>
    <property name="surefire.real.class.path" value="/Users/sabihmalik/Documents/Fall 2019/SWE443/VesselTracking-Zaid/VesselTracking/target/surefire/surefirebooter18440832440862617605.jar"/>
    <property name="sun.management.compiler" value="HotSpot 64-Bit Tiered Compilers"/>
    <property name="ftp.nonProxyHosts" value="local|*.local|169.254/16|*.169.254/16"/>
    <property name="java.runtime.version" value="12.0.1+12"/>
    <property name="user.name" value="sabihmalik"/>
    <property name="path.separator" value=":"/>
    <property name="os.version" value="10.14.6"/>
    <property name="java.runtime.name" value="Java(TM) SE Runtime Environment"/>
    <property name="file.encoding" value="UTF-8"/>
    <property name="java.vm.name" value="Java HotSpot(TM) 64-Bit Server VM"/>
    <property name="localRepository" value="/Users/sabihmalik/.m2/repository"/>
    <property name="java.vendor.url.bug" value="https://bugreport.java.com/bugreport/"/>
    <property name="java.io.tmpdir" value="/var/folders/kt/ybqmm6jn7jn647g32lm_7jc00000gn/T/"/>
    <property name="java.version" value="12.0.1"/>
    <property name="user.dir" value="/Users/sabihmalik/Documents/Fall 2019/SWE443/VesselTracking-Zaid/VesselTracking"/>
    <property name="os.arch" value="x86_64"/>
    <property name="java.vm.specification.name" value="Java Virtual Machine Specification"/>
    <property name="java.library.path" value="/Users/sabihmalik/Library/Java/Extensions:/Library/Java/Extensions:/Network/Library/Java/Extensions:/System/Library/Java/Extensions:/usr/lib/java:."/>
    <property name="java.vm.info" value="mixed mode, sharing"/>
    <property name="java.vendor" value="Oracle Corporation"/>
    <property name="java.vm.version" value="12.0.1+12"/>
    <property name="sun.io.unicode.encoding" value="UnicodeBig"/>
    <property name="socksNonProxyHosts" value="local|*.local|169.254/16|*.169.254/16"/>
    <property name="java.class.version" value="56.0"/>
  </properties>
  <testcase name="contextLoads" classname="com.gmu.VesselTracking.VesselTrackingApplicationTests" time="0.133"/>
</testsuite>